<?xml version="1.0" encoding="UTF-8"?>
<!-- Generated by org.testng.reporters.JUnitReportReporter -->
<testsuite skipped="0" hostname="Vinod" name="testscripts.Test2" tests="2" failures="0" timestamp="04 Sep 2018 11:54:43 GMT" time="42.508" errors="0">
  <testcase name="test" time="17.116" classname="testscripts.Test2"/>
  <testcase name="test" time="25.392" classname="testscripts.Test2"/>
</testsuite> <!-- testscripts.Test2 -->
