<?xml version="1.0" encoding="UTF-8"?>
<!-- Generated by org.testng.reporters.JUnitReportReporter -->
<testsuite skipped="0" hostname="Vinod" name="testscripts.Test2" tests="2" failures="0" timestamp="02 Sep 2018 11:28:55 GMT" time="70.709" errors="0">
  <testcase name="test" time="27.736" classname="testscripts.Test2"/>
  <testcase name="test" time="42.973" classname="testscripts.Test2"/>
</testsuite> <!-- testscripts.Test2 -->
