<?xml version="1.0" encoding="UTF-8"?>
<!-- Generated by org.testng.reporters.JUnitReportReporter -->
<testsuite skipped="0" hostname="Vinod" name="testscripts.Test3" tests="2" failures="0" timestamp="04 Sep 2018 11:54:43 GMT" time="35.140" errors="0">
  <testcase name="test" time="18.332" classname="testscripts.Test3"/>
  <testcase name="test" time="16.808" classname="testscripts.Test3"/>
</testsuite> <!-- testscripts.Test3 -->
