<?xml version="1.0" encoding="UTF-8"?>
<!-- Generated by org.testng.reporters.JUnitReportReporter -->
<testsuite skipped="0" hostname="Vinod" name="testscripts.Test1" tests="2" failures="0" timestamp="02 Sep 2018 11:28:55 GMT" time="199.581" errors="0">
  <testcase name="test" time="83.068" classname="testscripts.Test1"/>
  <testcase name="test" time="116.513" classname="testscripts.Test1"/>
</testsuite> <!-- testscripts.Test1 -->
