<?xml version="1.0" encoding="UTF-8"?>
<!-- Generated by org.testng.reporters.JUnitReportReporter -->
<testsuite skipped="0" hostname="Vinod" name="testscripts.Test2" tests="2" failures="0" timestamp="12 Sep 2018 07:41:54 GMT" time="39.394" errors="0">
  <testcase name="test" time="20.176" classname="testscripts.Test2"/>
  <testcase name="test" time="19.218" classname="testscripts.Test2"/>
</testsuite> <!-- testscripts.Test2 -->
