<?xml version="1.0" encoding="UTF-8"?>
<!-- Generated by org.testng.reporters.JUnitReportReporter -->
<testsuite skipped="0" hostname="Vinod" name="testscripts.Test1" tests="2" failures="0" timestamp="02 Sep 2018 13:13:57 GMT" time="133.227" errors="0">
  <testcase name="test" time="56.436" classname="testscripts.Test1"/>
  <testcase name="test" time="76.791" classname="testscripts.Test1"/>
</testsuite> <!-- testscripts.Test1 -->
