<?xml version="1.0" encoding="UTF-8"?>
<!-- Generated by org.testng.reporters.JUnitReportReporter -->
<testsuite skipped="0" hostname="Vinod" name="testscripts.Test1" tests="1" failures="0" timestamp="27 Aug 2018 09:06:47 GMT" time="20.669" errors="0">
  <testcase name="test" time="20.669" classname="testscripts.Test1"/>
</testsuite> <!-- testscripts.Test1 -->
