<?xml version="1.0" encoding="UTF-8"?>
<!-- Generated by org.testng.reporters.JUnitReportReporter -->
<testsuite skipped="0" hostname="Vinod" name="testscripts.Test3" tests="2" failures="0" timestamp="02 Sep 2018 11:28:55 GMT" time="64.140" errors="0">
  <testcase name="test" time="24.380" classname="testscripts.Test3"/>
  <testcase name="test" time="39.760" classname="testscripts.Test3"/>
</testsuite> <!-- testscripts.Test3 -->
