<?xml version="1.0" encoding="UTF-8"?>
<!-- Generated by org.testng.reporters.JUnitReportReporter -->
<testsuite skipped="0" hostname="Vinod" name="testscripts.Test1" tests="2" failures="0" timestamp="04 Sep 2018 11:54:43 GMT" time="64.135" errors="0">
  <testcase name="test" time="32.911" classname="testscripts.Test1"/>
  <testcase name="test" time="31.224" classname="testscripts.Test1"/>
</testsuite> <!-- testscripts.Test1 -->
