<?xml version="1.0" encoding="UTF-8"?>
<!-- Generated by org.testng.reporters.JUnitReportReporter -->
<testsuite skipped="0" hostname="Vinod" name="testscripts.Test3" tests="2" failures="0" timestamp="12 Sep 2018 07:41:54 GMT" time="37.319" errors="0">
  <testcase name="test" time="14.714" classname="testscripts.Test3"/>
  <testcase name="test" time="22.605" classname="testscripts.Test3"/>
</testsuite> <!-- testscripts.Test3 -->
